0 info it worked if it ends with ok
1 verbose cli [ '/usr/bin/node',
1 verbose cli   '/usr/bin/npm',
1 verbose cli   'install',
1 verbose cli   'grunt-contrib-watch',
1 verbose cli   '--save-dev' ]
2 info using npm@1.4.28
3 info using node@v0.10.38
4 verbose node symlink /usr/bin/node
5 warn package.json email-template@1.0.0 No repository field.
6 warn package.json email-template@1.0.0 No README data
7 verbose readDependencies using package.json deps
8 verbose cache add [ 'grunt-contrib-watch', null ]
9 verbose cache add name=undefined spec="grunt-contrib-watch" args=["grunt-contrib-watch",null]
10 verbose parsed url { protocol: null,
10 verbose parsed url   slashes: null,
10 verbose parsed url   auth: null,
10 verbose parsed url   host: null,
10 verbose parsed url   port: null,
10 verbose parsed url   hostname: null,
10 verbose parsed url   hash: null,
10 verbose parsed url   search: null,
10 verbose parsed url   query: null,
10 verbose parsed url   pathname: 'grunt-contrib-watch',
10 verbose parsed url   path: 'grunt-contrib-watch',
10 verbose parsed url   href: 'grunt-contrib-watch' }
11 silly lockFile 7f2b8bdb-grunt-contrib-watch grunt-contrib-watch
12 verbose lock grunt-contrib-watch /home/dillon/.npm/7f2b8bdb-grunt-contrib-watch.lock
13 silly lockFile 7f2b8bdb-grunt-contrib-watch grunt-contrib-watch
14 silly lockFile 7f2b8bdb-grunt-contrib-watch grunt-contrib-watch
15 verbose addNamed [ 'grunt-contrib-watch', '' ]
16 verbose addNamed [ null, '*' ]
17 silly lockFile b64937f1-grunt-contrib-watch grunt-contrib-watch@
18 verbose lock grunt-contrib-watch@ /home/dillon/.npm/b64937f1-grunt-contrib-watch.lock
19 silly addNameRange { name: 'grunt-contrib-watch', range: '*', hasData: false }
20 verbose request where is /grunt-contrib-watch
21 verbose request registry https://registry.npmjs.org/
22 verbose request id b1de935822c56816
23 verbose url raw /grunt-contrib-watch
24 verbose url resolving [ 'https://registry.npmjs.org/', './grunt-contrib-watch' ]
25 verbose url resolved https://registry.npmjs.org/grunt-contrib-watch
26 verbose request where is https://registry.npmjs.org/grunt-contrib-watch
27 info trying registry request attempt 1 at 17:24:44
28 verbose etag "52FK45MV4CJ52G1VD3RWHJY7R"
29 http GET https://registry.npmjs.org/grunt-contrib-watch
30 http 200 https://registry.npmjs.org/grunt-contrib-watch
31 silly registry.get cb [ 200,
31 silly registry.get   { server: 'CouchDB/1.5.0 (Erlang OTP/R16B03)',
31 silly registry.get     etag: '"AE1BI4EP1UZSCZUNQDUTN8NLI"',
31 silly registry.get     'content-type': 'application/json',
31 silly registry.get     'cache-control': 'max-age=60',
31 silly registry.get     'content-length': '58620',
31 silly registry.get     'accept-ranges': 'bytes',
31 silly registry.get     date: 'Fri, 26 Jun 2015 16:24:44 GMT',
31 silly registry.get     via: '1.1 varnish',
31 silly registry.get     age: '50',
31 silly registry.get     connection: 'keep-alive',
31 silly registry.get     'x-served-by': 'cache-lhr6328-LHR',
31 silly registry.get     'x-cache': 'HIT',
31 silly registry.get     'x-cache-hits': '2',
31 silly registry.get     'x-timer': 'S1435335884.565267,VS0,VE0',
31 silly registry.get     vary: 'Accept' } ]
32 silly addNameRange number 2 { name: 'grunt-contrib-watch', range: '*', hasData: true }
33 silly addNameRange versions [ 'grunt-contrib-watch',
33 silly addNameRange   [ '0.1.0',
33 silly addNameRange     '0.1.1',
33 silly addNameRange     '0.1.2',
33 silly addNameRange     '0.1.3',
33 silly addNameRange     '0.1.4',
33 silly addNameRange     '0.2.0',
33 silly addNameRange     '0.3.0',
33 silly addNameRange     '0.3.1',
33 silly addNameRange     '0.4.0',
33 silly addNameRange     '0.4.1',
33 silly addNameRange     '0.4.2',
33 silly addNameRange     '0.4.3',
33 silly addNameRange     '0.4.4',
33 silly addNameRange     '0.5.0',
33 silly addNameRange     '0.5.1',
33 silly addNameRange     '0.5.2',
33 silly addNameRange     '0.5.3',
33 silly addNameRange     '0.6.0',
33 silly addNameRange     '0.6.1',
33 silly addNameRange     '0.2.0-a',
33 silly addNameRange     '0.2.0-rc5',
33 silly addNameRange     '0.2.0-rc7' ] ]
34 verbose addNamed [ 'grunt-contrib-watch', '0.6.1' ]
35 verbose addNamed [ '0.6.1', '0.6.1' ]
36 silly lockFile 08049756-grunt-contrib-watch-0-6-1 grunt-contrib-watch@0.6.1
37 verbose lock grunt-contrib-watch@0.6.1 /home/dillon/.npm/08049756-grunt-contrib-watch-0-6-1.lock
38 silly lockFile 0fc29299-ch-grunt-contrib-watch-0-6-1-tgz https://registry.npmjs.org/grunt-contrib-watch/-/grunt-contrib-watch-0.6.1.tgz
39 verbose lock https://registry.npmjs.org/grunt-contrib-watch/-/grunt-contrib-watch-0.6.1.tgz /home/dillon/.npm/0fc29299-ch-grunt-contrib-watch-0-6-1-tgz.lock
40 verbose addRemoteTarball [ 'https://registry.npmjs.org/grunt-contrib-watch/-/grunt-contrib-watch-0.6.1.tgz',
40 verbose addRemoteTarball   '64fdcba25a635f5b4da1b6ce6f90da0aeb6e3f15' ]
41 info retry fetch attempt 1 at 17:24:44
42 verbose fetch to= /tmp/npm-6866-GrqQ6IBA/registry.npmjs.org/grunt-contrib-watch/-/grunt-contrib-watch-0.6.1.tgz
43 http GET https://registry.npmjs.org/grunt-contrib-watch/-/grunt-contrib-watch-0.6.1.tgz
44 http 200 https://registry.npmjs.org/grunt-contrib-watch/-/grunt-contrib-watch-0.6.1.tgz
45 silly lockFile 0fc29299-ch-grunt-contrib-watch-0-6-1-tgz https://registry.npmjs.org/grunt-contrib-watch/-/grunt-contrib-watch-0.6.1.tgz
46 silly lockFile 0fc29299-ch-grunt-contrib-watch-0-6-1-tgz https://registry.npmjs.org/grunt-contrib-watch/-/grunt-contrib-watch-0.6.1.tgz
47 silly lockFile 08049756-grunt-contrib-watch-0-6-1 grunt-contrib-watch@0.6.1
48 silly lockFile 08049756-grunt-contrib-watch-0-6-1 grunt-contrib-watch@0.6.1
49 silly lockFile b64937f1-grunt-contrib-watch grunt-contrib-watch@
50 silly lockFile b64937f1-grunt-contrib-watch grunt-contrib-watch@
51 error Error: EACCES, mkdir '/home/dillon/.npm/grunt-contrib-watch/0.6.1'
51 error  { [Error: EACCES, mkdir '/home/dillon/.npm/grunt-contrib-watch/0.6.1']
51 error   errno: 3,
51 error   code: 'EACCES',
51 error   path: '/home/dillon/.npm/grunt-contrib-watch/0.6.1',
51 error   parent: 'email-template' }
52 error Please try running this command again as root/Administrator.
53 error System Linux 3.16.0-41-generic
54 error command "/usr/bin/node" "/usr/bin/npm" "install" "grunt-contrib-watch" "--save-dev"
55 error cwd /home/dillon/Documents/node/email
56 error node -v v0.10.38
57 error npm -v 1.4.28
58 error path /home/dillon/.npm/grunt-contrib-watch/0.6.1
59 error code EACCES
60 error errno 3
61 error stack Error: EACCES, mkdir '/home/dillon/.npm/grunt-contrib-watch/0.6.1'
62 verbose exit [ 3, true ]
